2020-01-19 11:06:46,100 INFO o.a.j.u.JMeterUtils: Setting Locale to en_EN
2020-01-19 11:06:46,131 INFO o.a.j.JMeter: Loading user properties from: /usr/local/Cellar/jmeter/5.2.1/libexec/bin/user.properties
2020-01-19 11:06:46,132 INFO o.a.j.JMeter: Loading system properties from: /usr/local/Cellar/jmeter/5.2.1/libexec/bin/system.properties
2020-01-19 11:06:46,135 INFO o.a.j.JMeter: Copyright (c) 1998-2019 The Apache Software Foundation
2020-01-19 11:06:46,135 INFO o.a.j.JMeter: Version 5.2.1
2020-01-19 11:06:46,135 INFO o.a.j.JMeter: java.version=1.8.0_232
2020-01-19 11:06:46,135 INFO o.a.j.JMeter: java.vm.name=OpenJDK 64-Bit Server VM
2020-01-19 11:06:46,135 INFO o.a.j.JMeter: os.name=Mac OS X
2020-01-19 11:06:46,135 INFO o.a.j.JMeter: os.arch=x86_64
2020-01-19 11:06:46,135 INFO o.a.j.JMeter: os.version=10.14.6
2020-01-19 11:06:46,135 INFO o.a.j.JMeter: file.encoding=UTF-8
2020-01-19 11:06:46,135 INFO o.a.j.JMeter: java.awt.headless=null
2020-01-19 11:06:46,136 INFO o.a.j.JMeter: Max memory     =1073741824
2020-01-19 11:06:46,136 INFO o.a.j.JMeter: Available Processors =12
2020-01-19 11:06:46,139 INFO o.a.j.JMeter: Default Locale=English (EN)
2020-01-19 11:06:46,140 INFO o.a.j.JMeter: JMeter  Locale=English (EN)
2020-01-19 11:06:46,140 INFO o.a.j.JMeter: JMeterHome=/usr/local/Cellar/jmeter/5.2.1/libexec
2020-01-19 11:06:46,140 INFO o.a.j.JMeter: user.dir  =/Users/naveenkumarkendyala/00.professional/01.workspaces/2020.git.repos/kendyala-utils/00.provision.cluster.gke
2020-01-19 11:06:46,140 INFO o.a.j.JMeter: PWD       =/Users/naveenkumarkendyala/00.professional/01.workspaces/2020.git.repos/kendyala-utils/00.provision.cluster.gke
2020-01-19 11:06:46,151 INFO o.a.j.JMeter: IP: 127.0.0.1 Name: MacBook-Pro FullName: localhost
2020-01-19 11:06:49,212 INFO o.a.j.g.a.LookAndFeelCommand: Installing Darcula LAF
2020-01-19 11:06:49,229 INFO o.a.j.g.a.LookAndFeelCommand: Using look and feel: javax.swing.plaf.metal.MetalLookAndFeel [Darcula]
2020-01-19 11:06:49,229 INFO o.a.j.JMeter: Setting LAF to: javax.swing.plaf.metal.MetalLookAndFeel
2020-01-19 11:06:49,237 INFO o.a.j.JMeter: Loaded icon properties from org/apache/jmeter/images/icon.properties
2020-01-19 11:06:50,665 INFO k.a.j.JMeterPluginsUtils: JMeter-Plugins.org v.1.4.0
2020-01-19 11:06:51,259 WARN o.a.j.g.u.MenuFactory: Could not instantiate class: kg.apc.jmeter.reporters.LoadosophiaUploaderGui
java.lang.reflect.InvocationTargetException: null
	at sun.reflect.NativeConstructorAccessorImpl.newInstance0(Native Method) ~[?:1.8.0_232]
	at sun.reflect.NativeConstructorAccessorImpl.newInstance(NativeConstructorAccessorImpl.java:62) ~[?:1.8.0_232]
	at sun.reflect.DelegatingConstructorAccessorImpl.newInstance(DelegatingConstructorAccessorImpl.java:45) ~[?:1.8.0_232]
	at java.lang.reflect.Constructor.newInstance(Constructor.java:423) ~[?:1.8.0_232]
	at org.apache.jmeter.gui.util.MenuFactory.getGUIComponent(MenuFactory.java:174) ~[ApacheJMeter_core.jar:5.2.1]
	at org.apache.jmeter.gui.util.MenuFactory.initializeMenus(MenuFactory.java:141) ~[ApacheJMeter_core.jar:5.2.1]
	at org.apache.jmeter.gui.util.MenuFactory.<clinit>(MenuFactory.java:106) ~[ApacheJMeter_core.jar:5.2.1]
	at org.apache.jmeter.control.gui.TestPlanGui.createPopupMenu(TestPlanGui.java:92) ~[ApacheJMeter_core.jar:5.2.1]
	at org.apache.jmeter.gui.tree.JMeterTreeNode.createPopupMenu(JMeterTreeNode.java:185) ~[ApacheJMeter_core.jar:5.2.1]
	at org.apache.jmeter.gui.action.EditCommand.doAction(EditCommand.java:46) ~[ApacheJMeter_core.jar:5.2.1]
	at org.apache.jmeter.gui.action.ActionRouter.performAction(ActionRouter.java:88) ~[ApacheJMeter_core.jar:5.2.1]
	at org.apache.jmeter.gui.action.ActionRouter.lambda$actionPerformed$0(ActionRouter.java:70) ~[ApacheJMeter_core.jar:5.2.1]
	at java.awt.event.InvocationEvent.dispatch(InvocationEvent.java:311) [?:1.8.0_232]
	at java.awt.EventQueue.dispatchEventImpl(EventQueue.java:758) [?:1.8.0_232]
	at java.awt.EventQueue.access$500(EventQueue.java:97) [?:1.8.0_232]
	at java.awt.EventQueue$3.run(EventQueue.java:709) [?:1.8.0_232]
	at java.awt.EventQueue$3.run(EventQueue.java:703) [?:1.8.0_232]
	at java.security.AccessController.doPrivileged(Native Method) ~[?:1.8.0_232]
	at java.security.ProtectionDomain$JavaSecurityAccessImpl.doIntersectionPrivilege(ProtectionDomain.java:74) [?:1.8.0_232]
	at java.awt.EventQueue.dispatchEvent(EventQueue.java:728) [?:1.8.0_232]
	at java.awt.EventDispatchThread.pumpOneEventForFilters(EventDispatchThread.java:205) [?:1.8.0_232]
	at java.awt.EventDispatchThread.pumpEventsForFilter(EventDispatchThread.java:116) [?:1.8.0_232]
	at java.awt.EventDispatchThread.pumpEventsForHierarchy(EventDispatchThread.java:105) [?:1.8.0_232]
	at java.awt.EventDispatchThread.pumpEvents(EventDispatchThread.java:101) [?:1.8.0_232]
	at java.awt.EventDispatchThread.pumpEvents(EventDispatchThread.java:93) [?:1.8.0_232]
	at java.awt.EventDispatchThread.run(EventDispatchThread.java:82) [?:1.8.0_232]
Caused by: java.lang.NoClassDefFoundError: org/apache/commons/httpclient/methods/multipart/PartSource
	at kg.apc.jmeter.reporters.LoadosophiaUploaderGui.init(LoadosophiaUploaderGui.java:114) ~[JMeterPlugins-Standard.jar:?]
	at kg.apc.jmeter.reporters.LoadosophiaUploaderGui.<init>(LoadosophiaUploaderGui.java:28) ~[JMeterPlugins-Standard.jar:?]
	... 26 more
Caused by: java.lang.ClassNotFoundException: org.apache.commons.httpclient.methods.multipart.PartSource
	at java.net.URLClassLoader.findClass(URLClassLoader.java:382) ~[?:1.8.0_232]
	at java.lang.ClassLoader.loadClass(ClassLoader.java:418) ~[?:1.8.0_232]
	at java.lang.ClassLoader.loadClass(ClassLoader.java:351) ~[?:1.8.0_232]
	at kg.apc.jmeter.reporters.LoadosophiaUploaderGui.init(LoadosophiaUploaderGui.java:114) ~[JMeterPlugins-Standard.jar:?]
	at kg.apc.jmeter.reporters.LoadosophiaUploaderGui.<init>(LoadosophiaUploaderGui.java:28) ~[JMeterPlugins-Standard.jar:?]
	... 26 more
2020-01-19 11:06:52,288 INFO o.a.j.p.h.s.HTTPSamplerBase: Parser for text/html is org.apache.jmeter.protocol.http.parser.LagartoBasedHtmlParser
2020-01-19 11:06:52,289 INFO o.a.j.p.h.s.HTTPSamplerBase: Parser for application/xhtml+xml is org.apache.jmeter.protocol.http.parser.LagartoBasedHtmlParser
2020-01-19 11:06:52,289 INFO o.a.j.p.h.s.HTTPSamplerBase: Parser for application/xml is org.apache.jmeter.protocol.http.parser.LagartoBasedHtmlParser
2020-01-19 11:06:52,289 INFO o.a.j.p.h.s.HTTPSamplerBase: Parser for text/xml is org.apache.jmeter.protocol.http.parser.LagartoBasedHtmlParser
2020-01-19 11:06:52,289 INFO o.a.j.p.h.s.HTTPSamplerBase: Parser for text/vnd.wap.wml is org.apache.jmeter.protocol.http.parser.RegexpHTMLParser
2020-01-19 11:06:52,289 INFO o.a.j.p.h.s.HTTPSamplerBase: Parser for text/css is org.apache.jmeter.protocol.http.parser.CssParser
2020-01-19 11:06:52,588 INFO o.a.j.e.KeyToolUtils: keytool found at 'keytool'
2020-01-19 11:06:52,588 INFO o.a.j.p.h.p.ProxyControl: HTTP(S) Test Script Recorder SSL Proxy will use keys that support embedded 3rd party resources in file /usr/local/Cellar/jmeter/5.2.1/libexec/bin/proxyserver.jks
2020-01-19 11:06:52,754 INFO o.a.j.s.FileServer: Default base='/Users/naveenkumarkendyala/00.professional/01.workspaces/2020.git.repos/kendyala-utils/00.provision.cluster.gke'
2020-01-19 11:06:53,015 INFO o.a.j.s.SampleResult: Note: Sample TimeStamps are START times
2020-01-19 11:06:53,015 INFO o.a.j.s.SampleResult: sampleresult.default.encoding is set to ISO-8859-1
2020-01-19 11:06:53,015 INFO o.a.j.s.SampleResult: sampleresult.useNanoTime=true
2020-01-19 11:06:53,015 INFO o.a.j.s.SampleResult: sampleresult.nanoThreadSleep=5000
2020-01-19 11:06:53,038 INFO o.a.j.v.ViewResultsFullVisualizer: Add JavaFX to your Java installation if you want to use renderer: org.apache.jmeter.visualizers.RenderInBrowser
2020-01-19 11:06:55,408 INFO o.a.j.g.a.Load: Loading file: /Users/naveenkumarkendyala/00.professional/01.workspaces/2020.test.plans/quarkus.springboot-jpa-api.jmx
2020-01-19 11:06:55,409 INFO o.a.j.s.FileServer: Set new base='/Users/naveenkumarkendyala/00.professional/01.workspaces/2020.test.plans'
2020-01-19 11:06:55,556 INFO o.a.j.s.SaveService: Testplan (JMX) version: 2.2. Testlog (JTL) version: 2.2
2020-01-19 11:06:55,569 INFO o.a.j.s.SaveService: Using SaveService properties file encoding UTF-8
2020-01-19 11:06:55,571 INFO o.a.j.s.SaveService: Using SaveService properties version 5.0
2020-01-19 11:06:55,574 INFO o.a.j.s.SaveService: Loading file: /Users/naveenkumarkendyala/00.professional/01.workspaces/2020.test.plans/quarkus.springboot-jpa-api.jmx
2020-01-19 11:06:55,686 INFO o.a.j.v.ViewResultsFullVisualizer: Add JavaFX to your Java installation if you want to use renderer: org.apache.jmeter.visualizers.RenderInBrowser
2020-01-19 11:06:55,722 INFO o.a.j.s.FileServer: Set new base='/Users/naveenkumarkendyala/00.professional/01.workspaces/2020.test.plans'
2020-01-19 11:12:03,915 INFO o.a.j.e.StandardJMeterEngine: Running the test!
2020-01-19 11:12:03,918 INFO o.a.j.s.SampleEvent: List of sample_variables: []
2020-01-19 11:12:03,918 INFO o.a.j.s.SampleEvent: List of sample_variables: []
2020-01-19 11:12:03,920 INFO o.a.j.e.u.CompoundVariable: Note: Function class names must contain the string: '.functions.'
2020-01-19 11:12:03,920 INFO o.a.j.e.u.CompoundVariable: Note: Function class names must not contain the string: '.gui.'
2020-01-19 11:12:04,261 INFO o.a.j.g.u.JMeterMenuBar: setRunning(true, *local*)
2020-01-19 11:12:04,460 INFO o.a.j.e.StandardJMeterEngine: Starting ThreadGroup: 1 : Load.Test.API.Spring
2020-01-19 11:12:04,460 INFO o.a.j.e.StandardJMeterEngine: Starting 100 threads for group Load.Test.API.Spring.
2020-01-19 11:12:04,460 INFO o.a.j.e.StandardJMeterEngine: Thread will continue on error
2020-01-19 11:12:04,461 INFO o.a.j.t.ThreadGroup: Starting thread group... number=1 threads=100 ramp-up=1 delayedStart=false
2020-01-19 11:12:04,466 INFO o.a.j.t.JMeterThread: Thread started: Load.Test.API.Spring 1-1
2020-01-19 11:12:04,473 INFO o.a.j.t.JMeterThread: Thread started: Load.Test.API.Spring 1-2
2020-01-19 11:12:04,484 INFO o.a.j.t.JMeterThread: Thread started: Load.Test.API.Spring 1-3
2020-01-19 11:12:04,487 INFO o.a.j.p.h.s.HTTPHCAbstractImpl: Local host = MacBook-Pro
2020-01-19 11:12:04,492 INFO o.a.j.t.ThreadGroup: Started thread group number 1
2020-01-19 11:12:04,493 INFO o.a.j.e.StandardJMeterEngine: Starting ThreadGroup: 2 : Load.Test.API.Quarkus
2020-01-19 11:12:04,493 INFO o.a.j.e.StandardJMeterEngine: Starting 100 threads for group Load.Test.API.Quarkus.
2020-01-19 11:12:04,493 INFO o.a.j.e.StandardJMeterEngine: Thread will continue on error
2020-01-19 11:12:04,493 INFO o.a.j.t.ThreadGroup: Starting thread group... number=2 threads=100 ramp-up=1 delayedStart=false
2020-01-19 11:12:04,493 INFO o.a.j.t.JMeterThread: Thread started: Load.Test.API.Quarkus 2-1
2020-01-19 11:12:04,494 INFO o.a.j.t.JMeterThread: Thread started: Load.Test.API.Spring 1-4
2020-01-19 11:12:04,498 INFO o.a.j.p.h.s.HTTPHC4Impl: HTTP request retry count = 0
2020-01-19 11:12:04,505 INFO o.a.j.t.JMeterThread: Thread started: Load.Test.API.Quarkus 2-2
2020-01-19 11:12:04,505 INFO o.a.j.t.JMeterThread: Thread started: Load.Test.API.Spring 1-5
2020-01-19 11:12:04,513 INFO o.a.j.t.JMeterThread: Thread started: Load.Test.API.Spring 1-6
2020-01-19 11:12:04,514 INFO o.a.j.t.JMeterThread: Thread started: Load.Test.API.Quarkus 2-3
2020-01-19 11:12:04,518 INFO o.a.j.t.ThreadGroup: Started thread group number 2
2020-01-19 11:12:04,518 INFO o.a.j.e.StandardJMeterEngine: Starting ThreadGroup: 3 : Load.Test.API.Quarkus
2020-01-19 11:12:04,518 INFO o.a.j.e.StandardJMeterEngine: Starting 100 threads for group Load.Test.API.Quarkus.
2020-01-19 11:12:04,518 INFO o.a.j.e.StandardJMeterEngine: Thread will continue on error
2020-01-19 11:12:04,519 INFO o.a.j.t.ThreadGroup: Starting thread group... number=3 threads=100 ramp-up=1 delayedStart=false
2020-01-19 11:12:04,519 INFO o.a.j.t.JMeterThread: Thread started: Load.Test.API.Quarkus 3-1
2020-01-19 11:12:04,524 INFO o.a.j.t.JMeterThread: Thread started: Load.Test.API.Spring 1-7
2020-01-19 11:12:04,529 INFO o.a.j.t.JMeterThread: Thread started: Load.Test.API.Quarkus 2-4
2020-01-19 11:12:04,531 INFO o.a.j.t.JMeterThread: Thread started: Load.Test.API.Quarkus 3-2
2020-01-19 11:12:04,531 INFO o.a.j.t.JMeterThread: Thread started: Load.Test.API.Spring 1-8
2020-01-19 11:12:04,536 INFO o.a.j.t.JMeterThread: Thread started: Load.Test.API.Quarkus 2-5
2020-01-19 11:12:04,540 INFO o.a.j.t.JMeterThread: Thread started: Load.Test.API.Quarkus 3-3
2020-01-19 11:12:04,544 INFO o.a.j.t.JMeterThread: Thread started: Load.Test.API.Spring 1-9
2020-01-19 11:12:04,545 INFO o.a.j.t.JMeterThread: Thread started: Load.Test.API.Quarkus 2-6
2020-01-19 11:12:04,545 INFO o.a.j.t.ThreadGroup: Started thread group number 3
2020-01-19 11:12:04,545 INFO o.a.j.e.StandardJMeterEngine: All thread groups have been started
2020-01-19 11:12:04,551 INFO o.a.j.t.JMeterThread: Thread started: Load.Test.API.Quarkus 3-4
2020-01-19 11:12:04,555 INFO o.a.j.t.JMeterThread: Thread started: Load.Test.API.Spring 1-10
2020-01-19 11:12:04,557 INFO o.a.j.t.JMeterThread: Thread started: Load.Test.API.Quarkus 2-7
2020-01-19 11:12:04,560 INFO o.a.j.t.JMeterThread: Thread started: Load.Test.API.Quarkus 3-5
2020-01-19 11:12:04,564 INFO o.a.j.t.JMeterThread: Thread started: Load.Test.API.Spring 1-11
2020-01-19 11:12:04,564 INFO o.a.j.t.JMeterThread: Thread started: Load.Test.API.Quarkus 2-8
2020-01-19 11:12:04,571 INFO o.a.j.t.JMeterThread: Thread started: Load.Test.API.Quarkus 3-6
2020-01-19 11:12:04,574 INFO o.a.j.t.JMeterThread: Thread started: Load.Test.API.Spring 1-12
2020-01-19 11:12:04,577 INFO o.a.j.t.JMeterThread: Thread started: Load.Test.API.Quarkus 2-9
2020-01-19 11:12:04,581 INFO o.a.j.t.JMeterThread: Thread started: Load.Test.API.Quarkus 3-7
2020-01-19 11:12:04,582 INFO o.a.j.t.JMeterThread: Thread started: Load.Test.API.Spring 1-13
2020-01-19 11:12:04,588 INFO o.a.j.t.JMeterThread: Thread started: Load.Test.API.Quarkus 2-10
2020-01-19 11:12:04,594 INFO o.a.j.t.JMeterThread: Thread started: Load.Test.API.Quarkus 3-8
2020-01-19 11:12:04,594 INFO o.a.j.t.JMeterThread: Thread started: Load.Test.API.Spring 1-14
2020-01-19 11:12:04,597 INFO o.a.j.t.JMeterThread: Thread started: Load.Test.API.Quarkus 2-11
2020-01-19 11:12:04,604 INFO o.a.j.t.JMeterThread: Thread started: Load.Test.API.Spring 1-15
2020-01-19 11:12:04,604 INFO o.a.j.t.JMeterThread: Thread started: Load.Test.API.Quarkus 3-9
2020-01-19 11:12:04,604 INFO o.a.j.t.JMeterThread: Thread started: Load.Test.API.Quarkus 2-12
2020-01-19 11:12:04,614 INFO o.a.j.t.JMeterThread: Thread started: Load.Test.API.Spring 1-16
2020-01-19 11:12:04,614 INFO o.a.j.t.JMeterThread: Thread started: Load.Test.API.Quarkus 2-13
2020-01-19 11:12:04,614 INFO o.a.j.t.JMeterThread: Thread started: Load.Test.API.Quarkus 3-10
2020-01-19 11:12:04,620 INFO o.a.j.t.JMeterThread: Thread started: Load.Test.API.Quarkus 3-11
2020-01-19 11:12:04,621 INFO o.a.j.t.JMeterThread: Thread started: Load.Test.API.Spring 1-17
2020-01-19 11:12:04,624 INFO o.a.j.t.JMeterThread: Thread started: Load.Test.API.Quarkus 2-14
2020-01-19 11:12:04,633 INFO o.a.j.t.JMeterThread: Thread started: Load.Test.API.Spring 1-18
2020-01-19 11:12:04,633 INFO o.a.j.t.JMeterThread: Thread started: Load.Test.API.Quarkus 3-12
2020-01-19 11:12:04,636 INFO o.a.j.t.JMeterThread: Thread started: Load.Test.API.Quarkus 2-15
2020-01-19 11:12:04,641 INFO o.a.j.t.JMeterThread: Thread started: Load.Test.API.Quarkus 3-13
2020-01-19 11:12:04,642 INFO o.a.j.t.JMeterThread: Thread started: Load.Test.API.Spring 1-19
2020-01-19 11:12:04,643 INFO o.a.j.t.JMeterThread: Thread started: Load.Test.API.Quarkus 2-16
2020-01-19 11:12:04,654 INFO o.a.j.t.JMeterThread: Thread started: Load.Test.API.Spring 1-20
2020-01-19 11:12:04,654 INFO o.a.j.t.JMeterThread: Thread started: Load.Test.API.Quarkus 3-14
2020-01-19 11:12:04,654 INFO o.a.j.t.JMeterThread: Thread started: Load.Test.API.Quarkus 2-17
2020-01-19 11:12:04,662 INFO o.a.j.t.JMeterThread: Thread started: Load.Test.API.Quarkus 3-15
2020-01-19 11:12:04,664 INFO o.a.j.t.JMeterThread: Thread started: Load.Test.API.Spring 1-21
2020-01-19 11:12:04,664 INFO o.a.j.t.JMeterThread: Thread started: Load.Test.API.Quarkus 2-18
2020-01-19 11:12:04,674 INFO o.a.j.t.JMeterThread: Thread started: Load.Test.API.Spring 1-22
2020-01-19 11:12:04,673 INFO o.a.j.t.JMeterThread: Thread started: Load.Test.API.Quarkus 3-16
2020-01-19 11:12:04,678 INFO o.a.j.t.JMeterThread: Thread started: Load.Test.API.Quarkus 2-19
2020-01-19 11:12:04,683 INFO o.a.j.t.JMeterThread: Thread started: Load.Test.API.Quarkus 3-17
2020-01-19 11:12:04,685 INFO o.a.j.t.JMeterThread: Thread started: Load.Test.API.Quarkus 2-20
2020-01-19 11:12:04,685 INFO o.a.j.t.JMeterThread: Thread started: Load.Test.API.Spring 1-23
2020-01-19 11:12:04,694 INFO o.a.j.t.JMeterThread: Thread started: Load.Test.API.Quarkus 3-18
2020-01-19 11:12:04,695 INFO o.a.j.t.JMeterThread: Thread started: Load.Test.API.Spring 1-24
2020-01-19 11:12:04,698 INFO o.a.j.t.JMeterThread: Thread started: Load.Test.API.Quarkus 2-21
2020-01-19 11:12:04,699 INFO o.a.j.t.JMeterThread: Thread started: Load.Test.API.Quarkus 3-19
2020-01-19 11:12:04,705 INFO o.a.j.t.JMeterThread: Thread started: Load.Test.API.Spring 1-25
2020-01-19 11:12:04,705 INFO o.a.j.t.JMeterThread: Thread started: Load.Test.API.Quarkus 2-22
2020-01-19 11:12:04,710 INFO o.a.j.t.JMeterThread: Thread started: Load.Test.API.Quarkus 3-20
2020-01-19 11:12:04,715 INFO o.a.j.t.JMeterThread: Thread started: Load.Test.API.Spring 1-26
2020-01-19 11:12:04,717 INFO o.a.j.t.JMeterThread: Thread started: Load.Test.API.Quarkus 2-23
2020-01-19 11:12:04,723 INFO o.a.j.t.JMeterThread: Thread started: Load.Test.API.Quarkus 3-21
2020-01-19 11:12:04,726 INFO o.a.j.t.JMeterThread: Thread started: Load.Test.API.Spring 1-27
2020-01-19 11:12:04,727 INFO o.a.j.t.JMeterThread: Thread started: Load.Test.API.Quarkus 2-24
2020-01-19 11:12:04,731 INFO o.a.j.t.JMeterThread: Thread started: Load.Test.API.Quarkus 3-22
2020-01-19 11:12:04,732 INFO o.a.j.t.JMeterThread: Thread started: Load.Test.API.Spring 1-28
2020-01-19 11:12:04,734 INFO o.a.j.t.JMeterThread: Thread started: Load.Test.API.Quarkus 2-25
2020-01-19 11:12:04,743 INFO o.a.j.t.JMeterThread: Thread started: Load.Test.API.Spring 1-29
2020-01-19 11:12:04,743 INFO o.a.j.t.JMeterThread: Thread started: Load.Test.API.Quarkus 3-23
2020-01-19 11:12:04,744 INFO o.a.j.t.JMeterThread: Thread started: Load.Test.API.Quarkus 2-26
2020-01-19 11:12:04,753 INFO o.a.j.t.JMeterThread: Thread started: Load.Test.API.Quarkus 3-24
2020-01-19 11:12:04,753 INFO o.a.j.t.JMeterThread: Thread started: Load.Test.API.Spring 1-30
2020-01-19 11:12:04,757 INFO o.a.j.t.JMeterThread: Thread started: Load.Test.API.Quarkus 2-27
2020-01-19 11:12:04,764 INFO o.a.j.t.JMeterThread: Thread started: Load.Test.API.Spring 1-31
2020-01-19 11:12:04,764 INFO o.a.j.t.JMeterThread: Thread started: Load.Test.API.Quarkus 3-25
2020-01-19 11:12:04,766 INFO o.a.j.t.JMeterThread: Thread started: Load.Test.API.Quarkus 2-28
2020-01-19 11:12:04,773 INFO o.a.j.t.JMeterThread: Thread started: Load.Test.API.Quarkus 3-26
2020-01-19 11:12:04,775 INFO o.a.j.t.JMeterThread: Thread started: Load.Test.API.Spring 1-32
2020-01-19 11:12:04,778 INFO o.a.j.t.JMeterThread: Thread started: Load.Test.API.Quarkus 2-29
2020-01-19 11:12:04,781 INFO o.a.j.t.JMeterThread: Thread started: Load.Test.API.Quarkus 3-27
2020-01-19 11:12:04,782 INFO o.a.j.t.JMeterThread: Thread started: Load.Test.API.Spring 1-33
2020-01-19 11:12:04,784 INFO o.a.j.t.JMeterThread: Thread started: Load.Test.API.Quarkus 2-30
2020-01-19 11:12:04,789 INFO o.a.j.t.JMeterThread: Thread started: Load.Test.API.Quarkus 3-28
2020-01-19 11:12:04,792 INFO o.a.j.t.JMeterThread: Thread started: Load.Test.API.Spring 1-34
2020-01-19 11:12:04,793 INFO o.a.j.t.JMeterThread: Thread started: Load.Test.API.Quarkus 2-31
2020-01-19 11:12:04,799 INFO o.a.j.t.JMeterThread: Thread started: Load.Test.API.Quarkus 3-29
2020-01-19 11:12:04,801 INFO o.a.j.t.JMeterThread: Thread started: Load.Test.API.Spring 1-35
2020-01-19 11:12:04,807 INFO o.a.j.t.JMeterThread: Thread started: Load.Test.API.Quarkus 2-32
2020-01-19 11:12:04,811 INFO o.a.j.t.JMeterThread: Thread started: Load.Test.API.Quarkus 3-30
2020-01-19 11:12:04,815 INFO o.a.j.t.JMeterThread: Thread started: Load.Test.API.Spring 1-36
2020-01-19 11:12:04,816 INFO o.a.j.t.JMeterThread: Thread started: Load.Test.API.Quarkus 2-33
2020-01-19 11:12:04,821 INFO o.a.j.t.JMeterThread: Thread started: Load.Test.API.Quarkus 3-31
2020-01-19 11:12:04,822 INFO o.a.j.t.JMeterThread: Thread started: Load.Test.API.Spring 1-37
2020-01-19 11:12:04,824 INFO o.a.j.t.JMeterThread: Thread started: Load.Test.API.Quarkus 2-34
2020-01-19 11:12:04,832 INFO o.a.j.t.JMeterThread: Thread started: Load.Test.API.Spring 1-38
2020-01-19 11:12:04,832 INFO o.a.j.t.JMeterThread: Thread started: Load.Test.API.Quarkus 3-32
2020-01-19 11:12:04,839 INFO o.a.j.t.JMeterThread: Thread started: Load.Test.API.Quarkus 2-35
2020-01-19 11:12:04,844 INFO o.a.j.t.JMeterThread: Thread started: Load.Test.API.Spring 1-39
2020-01-19 11:12:04,844 INFO o.a.j.t.JMeterThread: Thread started: Load.Test.API.Quarkus 3-33
2020-01-19 11:12:04,847 INFO o.a.j.t.JMeterThread: Thread started: Load.Test.API.Quarkus 2-36
2020-01-19 11:12:04,854 INFO o.a.j.t.JMeterThread: Thread started: Load.Test.API.Quarkus 3-34
2020-01-19 11:12:04,854 INFO o.a.j.t.JMeterThread: Thread started: Load.Test.API.Spring 1-40
2020-01-19 11:12:04,856 INFO o.a.j.t.JMeterThread: Thread started: Load.Test.API.Quarkus 2-37
2020-01-19 11:12:04,865 INFO o.a.j.t.JMeterThread: Thread started: Load.Test.API.Quarkus 3-35
2020-01-19 11:12:04,865 INFO o.a.j.t.JMeterThread: Thread started: Load.Test.API.Spring 1-41
2020-01-19 11:12:04,866 INFO o.a.j.t.JMeterThread: Thread started: Load.Test.API.Quarkus 2-38
2020-01-19 11:12:04,870 INFO o.a.j.t.JMeterThread: Thread started: Load.Test.API.Quarkus 3-36
2020-01-19 11:12:04,875 INFO o.a.j.t.JMeterThread: Thread started: Load.Test.API.Spring 1-42
2020-01-19 11:12:04,875 INFO o.a.j.t.JMeterThread: Thread started: Load.Test.API.Quarkus 2-39
2020-01-19 11:12:04,882 INFO o.a.j.t.JMeterThread: Thread started: Load.Test.API.Quarkus 3-37
2020-01-19 11:12:04,885 INFO o.a.j.t.JMeterThread: Thread started: Load.Test.API.Spring 1-43
2020-01-19 11:12:04,887 INFO o.a.j.t.JMeterThread: Thread started: Load.Test.API.Quarkus 2-40
2020-01-19 11:12:04,894 INFO o.a.j.t.JMeterThread: Thread started: Load.Test.API.Quarkus 3-38
2020-01-19 11:12:04,894 INFO o.a.j.t.JMeterThread: Thread started: Load.Test.API.Spring 1-44
2020-01-19 11:12:04,896 INFO o.a.j.t.JMeterThread: Thread started: Load.Test.API.Quarkus 2-41
2020-01-19 11:12:04,904 INFO o.a.j.t.JMeterThread: Thread started: Load.Test.API.Quarkus 3-39
2020-01-19 11:12:04,904 INFO o.a.j.t.JMeterThread: Thread started: Load.Test.API.Spring 1-45
2020-01-19 11:12:04,907 INFO o.a.j.t.JMeterThread: Thread started: Load.Test.API.Quarkus 2-42
2020-01-19 11:12:04,909 INFO o.a.j.t.JMeterThread: Thread started: Load.Test.API.Quarkus 3-40
2020-01-19 11:12:04,915 INFO o.a.j.t.JMeterThread: Thread started: Load.Test.API.Spring 1-46
2020-01-19 11:12:04,917 INFO o.a.j.t.JMeterThread: Thread started: Load.Test.API.Quarkus 2-43
2020-01-19 11:12:04,924 INFO o.a.j.t.JMeterThread: Thread started: Load.Test.API.Quarkus 3-41
2020-01-19 11:12:04,924 INFO o.a.j.t.JMeterThread: Thread started: Load.Test.API.Spring 1-47
2020-01-19 11:12:04,924 INFO o.a.j.t.JMeterThread: Thread started: Load.Test.API.Quarkus 2-44
2020-01-19 11:12:04,935 INFO o.a.j.t.JMeterThread: Thread started: Load.Test.API.Quarkus 3-42
2020-01-19 11:12:04,935 INFO o.a.j.t.JMeterThread: Thread started: Load.Test.API.Spring 1-48
2020-01-19 11:12:04,938 INFO o.a.j.t.JMeterThread: Thread started: Load.Test.API.Quarkus 2-45
2020-01-19 11:12:04,940 INFO o.a.j.t.JMeterThread: Thread started: Load.Test.API.Quarkus 3-43
2020-01-19 11:12:04,943 INFO o.a.j.t.JMeterThread: Thread started: Load.Test.API.Spring 1-49
2020-01-19 11:12:04,944 INFO o.a.j.t.JMeterThread: Thread started: Load.Test.API.Quarkus 2-46
2020-01-19 11:12:04,950 INFO o.a.j.t.JMeterThread: Thread started: Load.Test.API.Quarkus 3-44
2020-01-19 11:12:04,956 INFO o.a.j.t.JMeterThread: Thread started: Load.Test.API.Spring 1-50
2020-01-19 11:12:04,958 INFO o.a.j.t.JMeterThread: Thread started: Load.Test.API.Quarkus 2-47
2020-01-19 11:12:04,964 INFO o.a.j.t.JMeterThread: Thread started: Load.Test.API.Quarkus 3-45
2020-01-19 11:12:04,966 INFO o.a.j.t.JMeterThread: Thread started: Load.Test.API.Spring 1-51
2020-01-19 11:12:04,966 INFO o.a.j.t.JMeterThread: Thread started: Load.Test.API.Quarkus 2-48
2020-01-19 11:12:04,974 INFO o.a.j.t.JMeterThread: Thread started: Load.Test.API.Quarkus 3-46
2020-01-19 11:12:04,976 INFO o.a.j.t.JMeterThread: Thread started: Load.Test.API.Quarkus 2-49
2020-01-19 11:12:04,976 INFO o.a.j.t.JMeterThread: Thread started: Load.Test.API.Spring 1-52
2020-01-19 11:12:04,981 INFO o.a.j.t.JMeterThread: Thread started: Load.Test.API.Quarkus 3-47
2020-01-19 11:12:04,985 INFO o.a.j.t.JMeterThread: Thread started: Load.Test.API.Spring 1-53
2020-01-19 11:12:04,988 INFO o.a.j.t.JMeterThread: Thread started: Load.Test.API.Quarkus 2-50
2020-01-19 11:12:04,993 INFO o.a.j.t.JMeterThread: Thread started: Load.Test.API.Spring 1-54
2020-01-19 11:12:04,993 INFO o.a.j.t.JMeterThread: Thread started: Load.Test.API.Quarkus 3-48
2020-01-19 11:12:04,998 INFO o.a.j.t.JMeterThread: Thread started: Load.Test.API.Quarkus 2-51
2020-01-19 11:12:05,004 INFO o.a.j.t.JMeterThread: Thread started: Load.Test.API.Spring 1-55
2020-01-19 11:12:05,004 INFO o.a.j.t.JMeterThread: Thread started: Load.Test.API.Quarkus 3-49
2020-01-19 11:12:05,006 INFO o.a.j.t.JMeterThread: Thread started: Load.Test.API.Quarkus 2-52
2020-01-19 11:12:05,015 INFO o.a.j.t.JMeterThread: Thread started: Load.Test.API.Quarkus 3-50
2020-01-19 11:12:05,015 INFO o.a.j.t.JMeterThread: Thread started: Load.Test.API.Quarkus 2-53
2020-01-19 11:12:05,015 INFO o.a.j.t.JMeterThread: Thread started: Load.Test.API.Spring 1-56
2020-01-19 11:12:05,023 INFO o.a.j.t.JMeterThread: Thread started: Load.Test.API.Quarkus 3-51
2020-01-19 11:12:05,025 INFO o.a.j.t.JMeterThread: Thread started: Load.Test.API.Quarkus 2-54
2020-01-19 11:12:05,025 INFO o.a.j.t.JMeterThread: Thread started: Load.Test.API.Spring 1-57
2020-01-19 11:12:05,031 INFO o.a.j.t.JMeterThread: Thread started: Load.Test.API.Quarkus 3-52
2020-01-19 11:12:05,032 INFO o.a.j.t.JMeterThread: Thread started: Load.Test.API.Spring 1-58
2020-01-19 11:12:05,034 INFO o.a.j.t.JMeterThread: Thread started: Load.Test.API.Quarkus 2-55
2020-01-19 11:12:05,041 INFO o.a.j.t.JMeterThread: Thread started: Load.Test.API.Quarkus 3-53
2020-01-19 11:12:05,041 INFO o.a.j.t.JMeterThread: Thread started: Load.Test.API.Spring 1-59
2020-01-19 11:12:05,047 INFO o.a.j.t.JMeterThread: Thread started: Load.Test.API.Quarkus 2-56
2020-01-19 11:12:05,052 INFO o.a.j.t.JMeterThread: Thread started: Load.Test.API.Spring 1-60
2020-01-19 11:12:05,052 INFO o.a.j.t.JMeterThread: Thread started: Load.Test.API.Quarkus 3-54
2020-01-19 11:12:05,060 INFO o.a.j.t.JMeterThread: Thread started: Load.Test.API.Quarkus 2-57
2020-01-19 11:12:05,062 INFO o.a.j.t.JMeterThread: Thread started: Load.Test.API.Quarkus 3-55
2020-01-19 11:12:05,064 INFO o.a.j.t.JMeterThread: Thread started: Load.Test.API.Spring 1-61
2020-01-19 11:12:05,067 INFO o.a.j.t.JMeterThread: Thread started: Load.Test.API.Quarkus 2-58
2020-01-19 11:12:05,072 INFO o.a.j.t.JMeterThread: Thread started: Load.Test.API.Quarkus 3-56
2020-01-19 11:12:05,074 INFO o.a.j.t.JMeterThread: Thread started: Load.Test.API.Spring 1-62
2020-01-19 11:12:05,078 INFO o.a.j.t.JMeterThread: Thread started: Load.Test.API.Quarkus 2-59
2020-01-19 11:12:05,083 INFO o.a.j.t.JMeterThread: Thread started: Load.Test.API.Quarkus 3-57
2020-01-19 11:12:05,084 INFO o.a.j.t.JMeterThread: Thread started: Load.Test.API.Spring 1-63
2020-01-19 11:12:05,084 INFO o.a.j.t.JMeterThread: Thread started: Load.Test.API.Quarkus 2-60
2020-01-19 11:12:05,094 INFO o.a.j.t.JMeterThread: Thread started: Load.Test.API.Quarkus 3-58
2020-01-19 11:12:05,096 INFO o.a.j.t.JMeterThread: Thread started: Load.Test.API.Spring 1-64
2020-01-19 11:12:05,097 INFO o.a.j.t.JMeterThread: Thread started: Load.Test.API.Quarkus 2-61
2020-01-19 11:12:05,105 INFO o.a.j.t.JMeterThread: Thread started: Load.Test.API.Spring 1-65
2020-01-19 11:12:05,105 INFO o.a.j.t.JMeterThread: Thread started: Load.Test.API.Quarkus 3-59
2020-01-19 11:12:05,109 INFO o.a.j.t.JMeterThread: Thread started: Load.Test.API.Quarkus 2-62
2020-01-19 11:12:05,111 INFO o.a.j.t.JMeterThread: Thread started: Load.Test.API.Quarkus 3-60
2020-01-19 11:12:05,115 INFO o.a.j.t.JMeterThread: Thread started: Load.Test.API.Quarkus 2-63
2020-01-19 11:12:05,115 INFO o.a.j.t.JMeterThread: Thread started: Load.Test.API.Spring 1-66
2020-01-19 11:12:05,118 INFO o.a.j.u.JsseSSLManager: Using default SSL protocol: TLS
2020-01-19 11:12:05,119 INFO o.a.j.u.JsseSSLManager: SSL session context: per-thread
2020-01-19 11:12:05,123 INFO o.a.j.t.JMeterThread: Thread started: Load.Test.API.Quarkus 3-61
2020-01-19 11:12:05,126 INFO o.a.j.t.JMeterThread: Thread started: Load.Test.API.Spring 1-67
2020-01-19 11:12:05,126 INFO o.a.j.t.JMeterThread: Thread started: Load.Test.API.Quarkus 2-64
2020-01-19 11:12:05,134 INFO o.a.j.t.JMeterThread: Thread started: Load.Test.API.Spring 1-68
2020-01-19 11:12:05,134 INFO o.a.j.t.JMeterThread: Thread started: Load.Test.API.Quarkus 3-62
2020-01-19 11:12:05,137 INFO o.a.j.t.JMeterThread: Thread started: Load.Test.API.Quarkus 2-65
2020-01-19 11:12:05,142 INFO o.a.j.t.JMeterThread: Thread started: Load.Test.API.Quarkus 3-63
2020-01-19 11:12:05,144 INFO o.a.j.t.JMeterThread: Thread started: Load.Test.API.Spring 1-69
2020-01-19 11:12:05,147 INFO o.a.j.t.JMeterThread: Thread started: Load.Test.API.Quarkus 2-66
2020-01-19 11:12:05,151 INFO o.a.j.t.JMeterThread: Thread started: Load.Test.API.Quarkus 3-64
2020-01-19 11:12:05,151 INFO o.a.j.t.JMeterThread: Thread started: Load.Test.API.Spring 1-70
2020-01-19 11:12:05,158 INFO o.a.j.t.JMeterThread: Thread started: Load.Test.API.Quarkus 2-67
2020-01-19 11:12:05,164 INFO o.a.j.t.JMeterThread: Thread started: Load.Test.API.Quarkus 3-65
2020-01-19 11:12:05,165 INFO o.a.j.t.JMeterThread: Thread started: Load.Test.API.Quarkus 2-68
2020-01-19 11:12:05,165 INFO o.a.j.t.JMeterThread: Thread started: Load.Test.API.Spring 1-71
2020-01-19 11:12:05,174 INFO o.a.j.t.JMeterThread: Thread started: Load.Test.API.Quarkus 3-66
2020-01-19 11:12:05,175 INFO o.a.j.t.JMeterThread: Thread started: Load.Test.API.Spring 1-72
2020-01-19 11:12:05,175 INFO o.a.j.t.JMeterThread: Thread started: Load.Test.API.Quarkus 2-69
2020-01-19 11:12:05,182 INFO o.a.j.t.JMeterThread: Thread started: Load.Test.API.Quarkus 3-67
2020-01-19 11:12:05,185 INFO o.a.j.t.JMeterThread: Thread started: Load.Test.API.Spring 1-73
2020-01-19 11:12:05,187 INFO o.a.j.t.JMeterThread: Thread started: Load.Test.API.Quarkus 2-70
2020-01-19 11:12:05,190 INFO o.a.j.t.JMeterThread: Thread started: Load.Test.API.Quarkus 3-68
2020-01-19 11:12:05,196 INFO o.a.j.t.JMeterThread: Thread started: Load.Test.API.Spring 1-74
2020-01-19 11:12:05,197 INFO o.a.j.t.JMeterThread: Thread started: Load.Test.API.Quarkus 2-71
2020-01-19 11:12:05,202 INFO o.a.j.t.JMeterThread: Thread started: Load.Test.API.Quarkus 3-69
2020-01-19 11:12:05,206 INFO o.a.j.t.JMeterThread: Thread started: Load.Test.API.Spring 1-75
2020-01-19 11:12:05,206 INFO o.a.j.t.JMeterThread: Thread started: Load.Test.API.Quarkus 2-72
2020-01-19 11:12:05,213 INFO o.a.j.t.JMeterThread: Thread started: Load.Test.API.Quarkus 3-70
2020-01-19 11:12:05,216 INFO o.a.j.t.JMeterThread: Thread started: Load.Test.API.Spring 1-76
2020-01-19 11:12:05,218 INFO o.a.j.t.JMeterThread: Thread started: Load.Test.API.Quarkus 2-73
2020-01-19 11:12:05,222 INFO o.a.j.t.JMeterThread: Thread started: Load.Test.API.Spring 1-77
2020-01-19 11:12:05,222 INFO o.a.j.t.JMeterThread: Thread started: Load.Test.API.Quarkus 3-71
2020-01-19 11:12:05,227 INFO o.a.j.t.JMeterThread: Thread started: Load.Test.API.Quarkus 2-74
2020-01-19 11:12:05,233 INFO o.a.j.t.JMeterThread: Thread started: Load.Test.API.Quarkus 3-72
2020-01-19 11:12:05,235 INFO o.a.j.t.JMeterThread: Thread started: Load.Test.API.Spring 1-78
2020-01-19 11:12:05,237 INFO o.a.j.t.JMeterThread: Thread started: Load.Test.API.Quarkus 2-75
2020-01-19 11:12:05,243 INFO o.a.j.t.JMeterThread: Thread started: Load.Test.API.Spring 1-79
2020-01-19 11:12:05,243 INFO o.a.j.t.JMeterThread: Thread started: Load.Test.API.Quarkus 3-73
2020-01-19 11:12:05,248 INFO o.a.j.t.JMeterThread: Thread started: Load.Test.API.Quarkus 2-76
2020-01-19 11:12:05,249 INFO o.a.j.t.JMeterThread: Thread started: Load.Test.API.Quarkus 3-74
2020-01-19 11:12:05,256 INFO o.a.j.t.JMeterThread: Thread started: Load.Test.API.Spring 1-80
2020-01-19 11:12:05,258 INFO o.a.j.t.JMeterThread: Thread started: Load.Test.API.Quarkus 2-77
2020-01-19 11:12:05,260 INFO o.a.j.t.JMeterThread: Thread started: Load.Test.API.Quarkus 3-75
2020-01-19 11:12:05,265 INFO o.a.j.t.JMeterThread: Thread started: Load.Test.API.Spring 1-81
2020-01-19 11:12:05,266 INFO o.a.j.t.JMeterThread: Thread started: Load.Test.API.Quarkus 2-78
2020-01-19 11:12:05,271 INFO o.a.j.t.JMeterThread: Thread started: Load.Test.API.Quarkus 3-76
2020-01-19 11:12:05,276 INFO o.a.j.t.JMeterThread: Thread started: Load.Test.API.Spring 1-82
2020-01-19 11:12:05,276 INFO o.a.j.t.JMeterThread: Thread started: Load.Test.API.Quarkus 2-79
2020-01-19 11:12:05,281 INFO o.a.j.t.JMeterThread: Thread started: Load.Test.API.Quarkus 3-77
2020-01-19 11:12:05,282 INFO o.a.j.t.JMeterThread: Thread started: Load.Test.API.Spring 1-83
2020-01-19 11:12:05,285 INFO o.a.j.t.JMeterThread: Thread started: Load.Test.API.Quarkus 2-80
2020-01-19 11:12:05,291 INFO o.a.j.t.JMeterThread: Thread started: Load.Test.API.Quarkus 3-78
2020-01-19 11:12:05,292 INFO o.a.j.t.JMeterThread: Thread started: Load.Test.API.Spring 1-84
2020-01-19 11:12:05,297 INFO o.a.j.t.JMeterThread: Thread started: Load.Test.API.Quarkus 2-81
2020-01-19 11:12:05,302 INFO o.a.j.t.JMeterThread: Thread started: Load.Test.API.Spring 1-85
2020-01-19 11:12:05,302 INFO o.a.j.t.JMeterThread: Thread started: Load.Test.API.Quarkus 3-79
2020-01-19 11:12:05,307 INFO o.a.j.t.JMeterThread: Thread started: Load.Test.API.Quarkus 2-82
2020-01-19 11:12:05,313 INFO o.a.j.t.JMeterThread: Thread started: Load.Test.API.Quarkus 3-80
2020-01-19 11:12:05,314 INFO o.a.j.t.JMeterThread: Thread started: Load.Test.API.Spring 1-86
2020-01-19 11:12:05,314 INFO o.a.j.t.JMeterThread: Thread started: Load.Test.API.Quarkus 2-83
2020-01-19 11:12:05,323 INFO o.a.j.t.JMeterThread: Thread started: Load.Test.API.Quarkus 3-81
2020-01-19 11:12:05,323 INFO o.a.j.t.JMeterThread: Thread started: Load.Test.API.Spring 1-87
2020-01-19 11:12:05,327 INFO o.a.j.t.JMeterThread: Thread started: Load.Test.API.Quarkus 2-84
2020-01-19 11:12:05,333 INFO o.a.j.t.JMeterThread: Thread started: Load.Test.API.Quarkus 3-82
2020-01-19 11:12:05,334 INFO o.a.j.t.JMeterThread: Thread started: Load.Test.API.Quarkus 2-85
2020-01-19 11:12:05,334 INFO o.a.j.t.JMeterThread: Thread started: Load.Test.API.Spring 1-88
2020-01-19 11:12:05,341 INFO o.a.j.t.JMeterThread: Thread started: Load.Test.API.Quarkus 3-83
2020-01-19 11:12:05,345 INFO o.a.j.t.JMeterThread: Thread started: Load.Test.API.Spring 1-89
2020-01-19 11:12:05,347 INFO o.a.j.t.JMeterThread: Thread started: Load.Test.API.Quarkus 2-86
2020-01-19 11:12:05,354 INFO o.a.j.t.JMeterThread: Thread started: Load.Test.API.Quarkus 3-84
2020-01-19 11:12:05,356 INFO o.a.j.t.JMeterThread: Thread started: Load.Test.API.Spring 1-90
2020-01-19 11:12:05,356 INFO o.a.j.t.JMeterThread: Thread started: Load.Test.API.Quarkus 2-87
2020-01-19 11:12:05,360 INFO o.a.j.t.JMeterThread: Thread started: Load.Test.API.Quarkus 3-85
2020-01-19 11:12:05,366 INFO o.a.j.t.JMeterThread: Thread started: Load.Test.API.Spring 1-91
2020-01-19 11:12:05,367 INFO o.a.j.t.JMeterThread: Thread started: Load.Test.API.Quarkus 2-88
2020-01-19 11:12:05,371 INFO o.a.j.t.JMeterThread: Thread started: Load.Test.API.Quarkus 3-86
2020-01-19 11:12:05,372 INFO o.a.j.t.JMeterThread: Thread started: Load.Test.API.Spring 1-92
2020-01-19 11:12:05,377 INFO o.a.j.t.JMeterThread: Thread started: Load.Test.API.Quarkus 2-89
2020-01-19 11:12:05,382 INFO o.a.j.t.JMeterThread: Thread started: Load.Test.API.Quarkus 3-87
2020-01-19 11:12:05,384 INFO o.a.j.t.JMeterThread: Thread started: Load.Test.API.Spring 1-93
2020-01-19 11:12:05,387 INFO o.a.j.t.JMeterThread: Thread started: Load.Test.API.Quarkus 2-90
2020-01-19 11:12:05,392 INFO o.a.j.t.JMeterThread: Thread started: Load.Test.API.Quarkus 3-88
2020-01-19 11:12:05,395 INFO o.a.j.t.JMeterThread: Thread started: Load.Test.API.Spring 1-94
2020-01-19 11:12:05,398 INFO o.a.j.t.JMeterThread: Thread started: Load.Test.API.Quarkus 2-91
2020-01-19 11:12:05,404 INFO o.a.j.t.JMeterThread: Thread started: Load.Test.API.Quarkus 3-89
2020-01-19 11:12:05,406 INFO o.a.j.t.JMeterThread: Thread started: Load.Test.API.Spring 1-95
2020-01-19 11:12:05,408 INFO o.a.j.t.JMeterThread: Thread started: Load.Test.API.Quarkus 2-92
2020-01-19 11:12:05,410 INFO o.a.j.t.JMeterThread: Thread started: Load.Test.API.Quarkus 3-90
2020-01-19 11:12:05,415 INFO o.a.j.t.JMeterThread: Thread started: Load.Test.API.Quarkus 2-93
2020-01-19 11:12:05,415 INFO o.a.j.t.JMeterThread: Thread started: Load.Test.API.Spring 1-96
2020-01-19 11:12:05,423 INFO o.a.j.t.JMeterThread: Thread started: Load.Test.API.Quarkus 3-91
2020-01-19 11:12:05,424 INFO o.a.j.t.JMeterThread: Thread started: Load.Test.API.Spring 1-97
2020-01-19 11:12:05,424 INFO o.a.j.t.JMeterThread: Thread started: Load.Test.API.Quarkus 2-94
2020-01-19 11:12:05,431 INFO o.a.j.t.JMeterThread: Thread started: Load.Test.API.Quarkus 3-92
2020-01-19 11:12:05,436 INFO o.a.j.t.JMeterThread: Thread started: Load.Test.API.Spring 1-98
2020-01-19 11:12:05,437 INFO o.a.j.t.JMeterThread: Thread started: Load.Test.API.Quarkus 2-95
2020-01-19 11:12:05,442 INFO o.a.j.t.JMeterThread: Thread started: Load.Test.API.Quarkus 3-93
2020-01-19 11:12:05,446 INFO o.a.j.t.JMeterThread: Thread started: Load.Test.API.Spring 1-99
2020-01-19 11:12:05,447 INFO o.a.j.t.JMeterThread: Thread started: Load.Test.API.Quarkus 2-96
2020-01-19 11:12:05,452 INFO o.a.j.t.JMeterThread: Thread started: Load.Test.API.Quarkus 3-94
2020-01-19 11:12:05,455 INFO o.a.j.t.JMeterThread: Thread started: Load.Test.API.Spring 1-100
2020-01-19 11:12:05,457 INFO o.a.j.t.JMeterThread: Thread started: Load.Test.API.Quarkus 2-97
2020-01-19 11:12:05,463 INFO o.a.j.t.JMeterThread: Thread started: Load.Test.API.Quarkus 3-95
2020-01-19 11:12:05,467 INFO o.a.j.t.JMeterThread: Thread started: Load.Test.API.Quarkus 2-98
2020-01-19 11:12:05,473 INFO o.a.j.t.JMeterThread: Thread started: Load.Test.API.Quarkus 3-96
2020-01-19 11:12:05,479 INFO o.a.j.t.JMeterThread: Thread started: Load.Test.API.Quarkus 2-99
2020-01-19 11:12:05,483 INFO o.a.j.t.JMeterThread: Thread started: Load.Test.API.Quarkus 3-97
2020-01-19 11:12:05,484 INFO o.a.j.t.JMeterThread: Thread started: Load.Test.API.Quarkus 2-100
2020-01-19 11:12:05,494 INFO o.a.j.t.JMeterThread: Thread started: Load.Test.API.Quarkus 3-98
2020-01-19 11:12:05,505 INFO o.a.j.t.JMeterThread: Thread started: Load.Test.API.Quarkus 3-99
2020-01-19 11:12:05,510 INFO o.a.j.t.JMeterThread: Thread started: Load.Test.API.Quarkus 3-100
2020-01-19 12:48:49,473 INFO o.a.j.r.ResultCollector: Shutdown hook started
2020-01-19 12:48:49,482 INFO o.a.j.r.ResultCollector: Shutdown hook ended
